<?xml version="1.0" encoding="UTF-8"?>
<testsuite name="petz.Simple" tests="1" skipped="0" failures="0" errors="0" timestamp="2021-08-16T05:10:41" hostname="samuel-desktop" time="11.294">
  <properties/>
  <testcase name="acessingHomePage()" classname="petz.Simple" time="11.294"/>
  <system-out><![CDATA[]]></system-out>
  <system-err><![CDATA[Starting ChromeDriver 92.0.4515.107 (87a818b10553a07434ea9e2b6dccf3cbe7895134-refs/branch-heads/4515@{#1634}) on port 32495
Only local connections are allowed.
Please see https://chromedriver.chromium.org/security-considerations for suggestions on keeping ChromeDriver safe.
ChromeDriver was started successfully.
Aug 16, 2021 2:10:41 AM org.openqa.selenium.remote.ProtocolHandshake createSession
INFO: Detected dialect: W3C
]]></system-err>
</testsuite>
